<?xml version="1.0" encoding="UTF-8"?>
<testsuite xmlns:xsi="http://www.w3.org/2001/XMLSchema-instance" xsi:noNamespaceSchemaLocation="https://maven.apache.org/surefire/maven-surefire-plugin/xsd/surefire-test-report.xsd" name="com.zzz.pms.PmsApplicationTests" time="7.55" tests="1" errors="0" skipped="0" failures="0">
  <properties>
    <property name="sun.desktop" value="windows"/>
    <property name="awt.toolkit" value="sun.awt.windows.WToolkit"/>
    <property name="file.encoding.pkg" value="sun.io"/>
    <property name="java.specification.version" value="1.8"/>
    <property name="sun.cpu.isalist" value="amd64"/>
    <property name="sun.jnu.encoding" value="GBK"/>
    <property name="java.class.path" value="G:\IdeaProjects\pms\target\test-classes;G:\IdeaProjects\pms\target\classes;G:\repository\org\springframework\boot\spring-boot-starter-aop\2.4.2\spring-boot-starter-aop-2.4.2.jar;G:\repository\org\springframework\boot\spring-boot-starter\2.4.2\spring-boot-starter-2.4.2.jar;G:\repository\org\springframework\boot\spring-boot-starter-logging\2.4.2\spring-boot-starter-logging-2.4.2.jar;G:\repository\ch\qos\logback\logback-classic\1.2.3\logback-classic-1.2.3.jar;G:\repository\ch\qos\logback\logback-core\1.2.3\logback-core-1.2.3.jar;G:\repository\org\apache\logging\log4j\log4j-to-slf4j\2.13.3\log4j-to-slf4j-2.13.3.jar;G:\repository\org\apache\logging\log4j\log4j-api\2.13.3\log4j-api-2.13.3.jar;G:\repository\jakarta\annotation\jakarta.annotation-api\1.3.5\jakarta.annotation-api-1.3.5.jar;G:\repository\org\yaml\snakeyaml\1.27\snakeyaml-1.27.jar;G:\repository\org\springframework\spring-aop\5.3.3\spring-aop-5.3.3.jar;G:\repository\org\springframework\spring-beans\5.3.3\spring-beans-5.3.3.jar;G:\repository\org\aspectj\aspectjweaver\1.9.6\aspectjweaver-1.9.6.jar;G:\repository\org\springframework\boot\spring-boot-starter-jdbc\2.4.2\spring-boot-starter-jdbc-2.4.2.jar;G:\repository\com\zaxxer\HikariCP\3.4.5\HikariCP-3.4.5.jar;G:\repository\org\springframework\spring-jdbc\5.3.3\spring-jdbc-5.3.3.jar;G:\repository\org\springframework\spring-tx\5.3.3\spring-tx-5.3.3.jar;G:\repository\org\springframework\boot\spring-boot-starter-thymeleaf\2.4.2\spring-boot-starter-thymeleaf-2.4.2.jar;G:\repository\org\thymeleaf\thymeleaf-spring5\3.0.12.RELEASE\thymeleaf-spring5-3.0.12.RELEASE.jar;G:\repository\org\thymeleaf\thymeleaf\3.0.12.RELEASE\thymeleaf-3.0.12.RELEASE.jar;G:\repository\org\attoparser\attoparser\2.0.5.RELEASE\attoparser-2.0.5.RELEASE.jar;G:\repository\org\unbescape\unbescape\1.1.6.RELEASE\unbescape-1.1.6.RELEASE.jar;G:\repository\org\thymeleaf\extras\thymeleaf-extras-java8time\3.0.4.RELEASE\thymeleaf-extras-java8time-3.0.4.RELEASE.jar;G:\repository\org\springframework\boot\spring-boot-starter-web\2.4.2\spring-boot-starter-web-2.4.2.jar;G:\repository\org\springframework\boot\spring-boot-starter-json\2.4.2\spring-boot-starter-json-2.4.2.jar;G:\repository\com\fasterxml\jackson\core\jackson-databind\2.11.4\jackson-databind-2.11.4.jar;G:\repository\com\fasterxml\jackson\core\jackson-annotations\2.11.4\jackson-annotations-2.11.4.jar;G:\repository\com\fasterxml\jackson\core\jackson-core\2.11.4\jackson-core-2.11.4.jar;G:\repository\com\fasterxml\jackson\datatype\jackson-datatype-jdk8\2.11.4\jackson-datatype-jdk8-2.11.4.jar;G:\repository\com\fasterxml\jackson\datatype\jackson-datatype-jsr310\2.11.4\jackson-datatype-jsr310-2.11.4.jar;G:\repository\com\fasterxml\jackson\module\jackson-module-parameter-names\2.11.4\jackson-module-parameter-names-2.11.4.jar;G:\repository\org\springframework\boot\spring-boot-starter-tomcat\2.4.2\spring-boot-starter-tomcat-2.4.2.jar;G:\repository\org\apache\tomcat\embed\tomcat-embed-core\9.0.41\tomcat-embed-core-9.0.41.jar;G:\repository\org\glassfish\jakarta.el\3.0.3\jakarta.el-3.0.3.jar;G:\repository\org\apache\tomcat\embed\tomcat-embed-websocket\9.0.41\tomcat-embed-websocket-9.0.41.jar;G:\repository\org\springframework\spring-web\5.3.3\spring-web-5.3.3.jar;G:\repository\org\springframework\spring-webmvc\5.3.3\spring-webmvc-5.3.3.jar;G:\repository\org\springframework\spring-context\5.3.3\spring-context-5.3.3.jar;G:\repository\org\springframework\spring-expression\5.3.3\spring-expression-5.3.3.jar;G:\repository\org\mybatis\spring\boot\mybatis-spring-boot-starter\2.0.0\mybatis-spring-boot-starter-2.0.0.jar;G:\repository\org\mybatis\spring\boot\mybatis-spring-boot-autoconfigure\2.0.0\mybatis-spring-boot-autoconfigure-2.0.0.jar;G:\repository\org\mybatis\mybatis\3.5.0\mybatis-3.5.0.jar;G:\repository\org\mybatis\mybatis-spring\2.0.0\mybatis-spring-2.0.0.jar;G:\repository\org\springframework\boot\spring-boot-devtools\2.4.2\spring-boot-devtools-2.4.2.jar;G:\repository\org\springframework\boot\spring-boot\2.4.2\spring-boot-2.4.2.jar;G:\repository\org\springframework\boot\spring-boot-autoconfigure\2.4.2\spring-boot-autoconfigure-2.4.2.jar;G:\repository\mysql\mysql-connector-java\5.1.46\mysql-connector-java-5.1.46.jar;G:\repository\org\springframework\boot\spring-boot-configuration-processor\2.4.2\spring-boot-configuration-processor-2.4.2.jar;G:\repository\org\springframework\boot\spring-boot-starter-test\2.4.2\spring-boot-starter-test-2.4.2.jar;G:\repository\org\springframework\boot\spring-boot-test\2.4.2\spring-boot-test-2.4.2.jar;G:\repository\org\springframework\boot\spring-boot-test-autoconfigure\2.4.2\spring-boot-test-autoconfigure-2.4.2.jar;G:\repository\com\jayway\jsonpath\json-path\2.4.0\json-path-2.4.0.jar;G:\repository\net\minidev\json-smart\2.3\json-smart-2.3.jar;G:\repository\net\minidev\accessors-smart\1.2\accessors-smart-1.2.jar;G:\repository\org\ow2\asm\asm\5.0.4\asm-5.0.4.jar;G:\repository\jakarta\xml\bind\jakarta.xml.bind-api\2.3.3\jakarta.xml.bind-api-2.3.3.jar;G:\repository\jakarta\activation\jakarta.activation-api\1.2.2\jakarta.activation-api-1.2.2.jar;G:\repository\org\assertj\assertj-core\3.18.1\assertj-core-3.18.1.jar;G:\repository\org\hamcrest\hamcrest\2.2\hamcrest-2.2.jar;G:\repository\org\junit\jupiter\junit-jupiter\5.7.0\junit-jupiter-5.7.0.jar;G:\repository\org\junit\jupiter\junit-jupiter-api\5.7.0\junit-jupiter-api-5.7.0.jar;G:\repository\org\apiguardian\apiguardian-api\1.1.0\apiguardian-api-1.1.0.jar;G:\repository\org\opentest4j\opentest4j\1.2.0\opentest4j-1.2.0.jar;G:\repository\org\junit\platform\junit-platform-commons\1.7.0\junit-platform-commons-1.7.0.jar;G:\repository\org\junit\jupiter\junit-jupiter-params\5.7.0\junit-jupiter-params-5.7.0.jar;G:\repository\org\junit\jupiter\junit-jupiter-engine\5.7.0\junit-jupiter-engine-5.7.0.jar;G:\repository\org\junit\platform\junit-platform-engine\1.7.0\junit-platform-engine-1.7.0.jar;G:\repository\org\mockito\mockito-core\3.6.28\mockito-core-3.6.28.jar;G:\repository\net\bytebuddy\byte-buddy\1.10.19\byte-buddy-1.10.19.jar;G:\repository\net\bytebuddy\byte-buddy-agent\1.10.19\byte-buddy-agent-1.10.19.jar;G:\repository\org\objenesis\objenesis\3.1\objenesis-3.1.jar;G:\repository\org\mockito\mockito-junit-jupiter\3.6.28\mockito-junit-jupiter-3.6.28.jar;G:\repository\org\skyscreamer\jsonassert\1.5.0\jsonassert-1.5.0.jar;G:\repository\com\vaadin\external\google\android-json\0.0.20131108.vaadin1\android-json-0.0.20131108.vaadin1.jar;G:\repository\org\springframework\spring-core\5.3.3\spring-core-5.3.3.jar;G:\repository\org\springframework\spring-jcl\5.3.3\spring-jcl-5.3.3.jar;G:\repository\org\springframework\spring-test\5.3.3\spring-test-5.3.3.jar;G:\repository\org\xmlunit\xmlunit-core\2.7.0\xmlunit-core-2.7.0.jar;G:\repository\com\alibaba\druid\1.1.10\druid-1.1.10.jar;G:\repository\org\apache\shiro\shiro-core\1.3.2\shiro-core-1.3.2.jar;G:\repository\org\slf4j\slf4j-api\1.7.30\slf4j-api-1.7.30.jar;G:\repository\commons-beanutils\commons-beanutils\1.8.3\commons-beanutils-1.8.3.jar;G:\repository\org\apache\shiro\shiro-web\1.3.2\shiro-web-1.3.2.jar;G:\repository\org\apache\shiro\shiro-spring\1.3.2\shiro-spring-1.3.2.jar;G:\repository\com\github\theborakompanioni\thymeleaf-extras-shiro\2.0.0\thymeleaf-extras-shiro-2.0.0.jar;G:\repository\org\springframework\boot\spring-boot-starter-log4j\1.3.8.RELEASE\spring-boot-starter-log4j-1.3.8.RELEASE.jar;G:\repository\org\slf4j\jcl-over-slf4j\1.7.30\jcl-over-slf4j-1.7.30.jar;G:\repository\org\slf4j\jul-to-slf4j\1.7.30\jul-to-slf4j-1.7.30.jar;G:\repository\org\slf4j\slf4j-log4j12\1.7.30\slf4j-log4j12-1.7.30.jar;G:\repository\log4j\log4j\1.2.17\log4j-1.2.17.jar;G:\repository\com\github\pagehelper\pagehelper-spring-boot-starter\1.2.5\pagehelper-spring-boot-starter-1.2.5.jar;G:\repository\com\github\pagehelper\pagehelper-spring-boot-autoconfigure\1.2.5\pagehelper-spring-boot-autoconfigure-1.2.5.jar;G:\repository\com\github\pagehelper\pagehelper\5.1.4\pagehelper-5.1.4.jar;G:\repository\com\github\jsqlparser\jsqlparser\1.0\jsqlparser-1.0.jar;G:\repository\com\belerweb\pinyin4j\2.5.1\pinyin4j-2.5.1.jar;G:\repository\commons-io\commons-io\2.6\commons-io-2.6.jar;G:\repository\org\projectlombok\lombok\1.18.12\lombok-1.18.12.jar;G:\repository\com\alibaba\fastjson\1.2.47\fastjson-1.2.47.jar;"/>
    <property name="java.vm.vendor" value="Oracle Corporation"/>
    <property name="sun.arch.data.model" value="64"/>
    <property name="user.variant" value=""/>
    <property name="java.vendor.url" value="http://java.oracle.com/"/>
    <property name="user.timezone" value="Asia/Shanghai"/>
    <property name="java.vm.specification.version" value="1.8"/>
    <property name="os.name" value="Windows 10"/>
    <property name="user.country" value="CN"/>
    <property name="sun.java.launcher" value="SUN_STANDARD"/>
    <property name="sun.boot.library.path" value="G:\Java\jdk1.8.0_231\jre\bin"/>
    <property name="sun.java.command" value="C:\Users\Zzz\AppData\Local\Temp\surefire7871388234825516080\surefirebooter2619563715092504636.jar C:\Users\Zzz\AppData\Local\Temp\surefire7871388234825516080 2021-02-18T23-38-08_539-jvmRun1 surefire2954179301025942848tmp surefire_01045672868286709540tmp"/>
    <property name="surefire.test.class.path" value="G:\IdeaProjects\pms\target\test-classes;G:\IdeaProjects\pms\target\classes;G:\repository\org\springframework\boot\spring-boot-starter-aop\2.4.2\spring-boot-starter-aop-2.4.2.jar;G:\repository\org\springframework\boot\spring-boot-starter\2.4.2\spring-boot-starter-2.4.2.jar;G:\repository\org\springframework\boot\spring-boot-starter-logging\2.4.2\spring-boot-starter-logging-2.4.2.jar;G:\repository\ch\qos\logback\logback-classic\1.2.3\logback-classic-1.2.3.jar;G:\repository\ch\qos\logback\logback-core\1.2.3\logback-core-1.2.3.jar;G:\repository\org\apache\logging\log4j\log4j-to-slf4j\2.13.3\log4j-to-slf4j-2.13.3.jar;G:\repository\org\apache\logging\log4j\log4j-api\2.13.3\log4j-api-2.13.3.jar;G:\repository\jakarta\annotation\jakarta.annotation-api\1.3.5\jakarta.annotation-api-1.3.5.jar;G:\repository\org\yaml\snakeyaml\1.27\snakeyaml-1.27.jar;G:\repository\org\springframework\spring-aop\5.3.3\spring-aop-5.3.3.jar;G:\repository\org\springframework\spring-beans\5.3.3\spring-beans-5.3.3.jar;G:\repository\org\aspectj\aspectjweaver\1.9.6\aspectjweaver-1.9.6.jar;G:\repository\org\springframework\boot\spring-boot-starter-jdbc\2.4.2\spring-boot-starter-jdbc-2.4.2.jar;G:\repository\com\zaxxer\HikariCP\3.4.5\HikariCP-3.4.5.jar;G:\repository\org\springframework\spring-jdbc\5.3.3\spring-jdbc-5.3.3.jar;G:\repository\org\springframework\spring-tx\5.3.3\spring-tx-5.3.3.jar;G:\repository\org\springframework\boot\spring-boot-starter-thymeleaf\2.4.2\spring-boot-starter-thymeleaf-2.4.2.jar;G:\repository\org\thymeleaf\thymeleaf-spring5\3.0.12.RELEASE\thymeleaf-spring5-3.0.12.RELEASE.jar;G:\repository\org\thymeleaf\thymeleaf\3.0.12.RELEASE\thymeleaf-3.0.12.RELEASE.jar;G:\repository\org\attoparser\attoparser\2.0.5.RELEASE\attoparser-2.0.5.RELEASE.jar;G:\repository\org\unbescape\unbescape\1.1.6.RELEASE\unbescape-1.1.6.RELEASE.jar;G:\repository\org\thymeleaf\extras\thymeleaf-extras-java8time\3.0.4.RELEASE\thymeleaf-extras-java8time-3.0.4.RELEASE.jar;G:\repository\org\springframework\boot\spring-boot-starter-web\2.4.2\spring-boot-starter-web-2.4.2.jar;G:\repository\org\springframework\boot\spring-boot-starter-json\2.4.2\spring-boot-starter-json-2.4.2.jar;G:\repository\com\fasterxml\jackson\core\jackson-databind\2.11.4\jackson-databind-2.11.4.jar;G:\repository\com\fasterxml\jackson\core\jackson-annotations\2.11.4\jackson-annotations-2.11.4.jar;G:\repository\com\fasterxml\jackson\core\jackson-core\2.11.4\jackson-core-2.11.4.jar;G:\repository\com\fasterxml\jackson\datatype\jackson-datatype-jdk8\2.11.4\jackson-datatype-jdk8-2.11.4.jar;G:\repository\com\fasterxml\jackson\datatype\jackson-datatype-jsr310\2.11.4\jackson-datatype-jsr310-2.11.4.jar;G:\repository\com\fasterxml\jackson\module\jackson-module-parameter-names\2.11.4\jackson-module-parameter-names-2.11.4.jar;G:\repository\org\springframework\boot\spring-boot-starter-tomcat\2.4.2\spring-boot-starter-tomcat-2.4.2.jar;G:\repository\org\apache\tomcat\embed\tomcat-embed-core\9.0.41\tomcat-embed-core-9.0.41.jar;G:\repository\org\glassfish\jakarta.el\3.0.3\jakarta.el-3.0.3.jar;G:\repository\org\apache\tomcat\embed\tomcat-embed-websocket\9.0.41\tomcat-embed-websocket-9.0.41.jar;G:\repository\org\springframework\spring-web\5.3.3\spring-web-5.3.3.jar;G:\repository\org\springframework\spring-webmvc\5.3.3\spring-webmvc-5.3.3.jar;G:\repository\org\springframework\spring-context\5.3.3\spring-context-5.3.3.jar;G:\repository\org\springframework\spring-expression\5.3.3\spring-expression-5.3.3.jar;G:\repository\org\mybatis\spring\boot\mybatis-spring-boot-starter\2.0.0\mybatis-spring-boot-starter-2.0.0.jar;G:\repository\org\mybatis\spring\boot\mybatis-spring-boot-autoconfigure\2.0.0\mybatis-spring-boot-autoconfigure-2.0.0.jar;G:\repository\org\mybatis\mybatis\3.5.0\mybatis-3.5.0.jar;G:\repository\org\mybatis\mybatis-spring\2.0.0\mybatis-spring-2.0.0.jar;G:\repository\org\springframework\boot\spring-boot-devtools\2.4.2\spring-boot-devtools-2.4.2.jar;G:\repository\org\springframework\boot\spring-boot\2.4.2\spring-boot-2.4.2.jar;G:\repository\org\springframework\boot\spring-boot-autoconfigure\2.4.2\spring-boot-autoconfigure-2.4.2.jar;G:\repository\mysql\mysql-connector-java\5.1.46\mysql-connector-java-5.1.46.jar;G:\repository\org\springframework\boot\spring-boot-configuration-processor\2.4.2\spring-boot-configuration-processor-2.4.2.jar;G:\repository\org\springframework\boot\spring-boot-starter-test\2.4.2\spring-boot-starter-test-2.4.2.jar;G:\repository\org\springframework\boot\spring-boot-test\2.4.2\spring-boot-test-2.4.2.jar;G:\repository\org\springframework\boot\spring-boot-test-autoconfigure\2.4.2\spring-boot-test-autoconfigure-2.4.2.jar;G:\repository\com\jayway\jsonpath\json-path\2.4.0\json-path-2.4.0.jar;G:\repository\net\minidev\json-smart\2.3\json-smart-2.3.jar;G:\repository\net\minidev\accessors-smart\1.2\accessors-smart-1.2.jar;G:\repository\org\ow2\asm\asm\5.0.4\asm-5.0.4.jar;G:\repository\jakarta\xml\bind\jakarta.xml.bind-api\2.3.3\jakarta.xml.bind-api-2.3.3.jar;G:\repository\jakarta\activation\jakarta.activation-api\1.2.2\jakarta.activation-api-1.2.2.jar;G:\repository\org\assertj\assertj-core\3.18.1\assertj-core-3.18.1.jar;G:\repository\org\hamcrest\hamcrest\2.2\hamcrest-2.2.jar;G:\repository\org\junit\jupiter\junit-jupiter\5.7.0\junit-jupiter-5.7.0.jar;G:\repository\org\junit\jupiter\junit-jupiter-api\5.7.0\junit-jupiter-api-5.7.0.jar;G:\repository\org\apiguardian\apiguardian-api\1.1.0\apiguardian-api-1.1.0.jar;G:\repository\org\opentest4j\opentest4j\1.2.0\opentest4j-1.2.0.jar;G:\repository\org\junit\platform\junit-platform-commons\1.7.0\junit-platform-commons-1.7.0.jar;G:\repository\org\junit\jupiter\junit-jupiter-params\5.7.0\junit-jupiter-params-5.7.0.jar;G:\repository\org\junit\jupiter\junit-jupiter-engine\5.7.0\junit-jupiter-engine-5.7.0.jar;G:\repository\org\junit\platform\junit-platform-engine\1.7.0\junit-platform-engine-1.7.0.jar;G:\repository\org\mockito\mockito-core\3.6.28\mockito-core-3.6.28.jar;G:\repository\net\bytebuddy\byte-buddy\1.10.19\byte-buddy-1.10.19.jar;G:\repository\net\bytebuddy\byte-buddy-agent\1.10.19\byte-buddy-agent-1.10.19.jar;G:\repository\org\objenesis\objenesis\3.1\objenesis-3.1.jar;G:\repository\org\mockito\mockito-junit-jupiter\3.6.28\mockito-junit-jupiter-3.6.28.jar;G:\repository\org\skyscreamer\jsonassert\1.5.0\jsonassert-1.5.0.jar;G:\repository\com\vaadin\external\google\android-json\0.0.20131108.vaadin1\android-json-0.0.20131108.vaadin1.jar;G:\repository\org\springframework\spring-core\5.3.3\spring-core-5.3.3.jar;G:\repository\org\springframework\spring-jcl\5.3.3\spring-jcl-5.3.3.jar;G:\repository\org\springframework\spring-test\5.3.3\spring-test-5.3.3.jar;G:\repository\org\xmlunit\xmlunit-core\2.7.0\xmlunit-core-2.7.0.jar;G:\repository\com\alibaba\druid\1.1.10\druid-1.1.10.jar;G:\repository\org\apache\shiro\shiro-core\1.3.2\shiro-core-1.3.2.jar;G:\repository\org\slf4j\slf4j-api\1.7.30\slf4j-api-1.7.30.jar;G:\repository\commons-beanutils\commons-beanutils\1.8.3\commons-beanutils-1.8.3.jar;G:\repository\org\apache\shiro\shiro-web\1.3.2\shiro-web-1.3.2.jar;G:\repository\org\apache\shiro\shiro-spring\1.3.2\shiro-spring-1.3.2.jar;G:\repository\com\github\theborakompanioni\thymeleaf-extras-shiro\2.0.0\thymeleaf-extras-shiro-2.0.0.jar;G:\repository\org\springframework\boot\spring-boot-starter-log4j\1.3.8.RELEASE\spring-boot-starter-log4j-1.3.8.RELEASE.jar;G:\repository\org\slf4j\jcl-over-slf4j\1.7.30\jcl-over-slf4j-1.7.30.jar;G:\repository\org\slf4j\jul-to-slf4j\1.7.30\jul-to-slf4j-1.7.30.jar;G:\repository\org\slf4j\slf4j-log4j12\1.7.30\slf4j-log4j12-1.7.30.jar;G:\repository\log4j\log4j\1.2.17\log4j-1.2.17.jar;G:\repository\com\github\pagehelper\pagehelper-spring-boot-starter\1.2.5\pagehelper-spring-boot-starter-1.2.5.jar;G:\repository\com\github\pagehelper\pagehelper-spring-boot-autoconfigure\1.2.5\pagehelper-spring-boot-autoconfigure-1.2.5.jar;G:\repository\com\github\pagehelper\pagehelper\5.1.4\pagehelper-5.1.4.jar;G:\repository\com\github\jsqlparser\jsqlparser\1.0\jsqlparser-1.0.jar;G:\repository\com\belerweb\pinyin4j\2.5.1\pinyin4j-2.5.1.jar;G:\repository\commons-io\commons-io\2.6\commons-io-2.6.jar;G:\repository\org\projectlombok\lombok\1.18.12\lombok-1.18.12.jar;G:\repository\com\alibaba\fastjson\1.2.47\fastjson-1.2.47.jar;"/>
    <property name="sun.cpu.endian" value="little"/>
    <property name="user.home" value="C:\Users\Zzz"/>
    <property name="user.language" value="zh"/>
    <property name="java.specification.vendor" value="Oracle Corporation"/>
    <property name="java.home" value="G:\Java\jdk1.8.0_231\jre"/>
    <property name="basedir" value="G:\IdeaProjects\pms"/>
    <property name="file.separator" value="\"/>
    <property name="line.separator" value="&#10;"/>
    <property name="java.vm.specification.vendor" value="Oracle Corporation"/>
    <property name="java.specification.name" value="Java Platform API Specification"/>
    <property name="java.awt.graphicsenv" value="sun.awt.Win32GraphicsEnvironment"/>
    <property name="surefire.real.class.path" value="C:\Users\Zzz\AppData\Local\Temp\surefire7871388234825516080\surefirebooter2619563715092504636.jar"/>
    <property name="sun.boot.class.path" value="G:\Java\jdk1.8.0_231\jre\lib\resources.jar;G:\Java\jdk1.8.0_231\jre\lib\rt.jar;G:\Java\jdk1.8.0_231\jre\lib\sunrsasign.jar;G:\Java\jdk1.8.0_231\jre\lib\jsse.jar;G:\Java\jdk1.8.0_231\jre\lib\jce.jar;G:\Java\jdk1.8.0_231\jre\lib\charsets.jar;G:\Java\jdk1.8.0_231\jre\lib\jfr.jar;G:\Java\jdk1.8.0_231\jre\classes"/>
    <property name="user.script" value=""/>
    <property name="sun.management.compiler" value="HotSpot 64-Bit Tiered Compilers"/>
    <property name="java.runtime.version" value="1.8.0_231-b11"/>
    <property name="user.name" value="Zzz"/>
    <property name="path.separator" value=";"/>
    <property name="os.version" value="10.0"/>
    <property name="java.endorsed.dirs" value="G:\Java\jdk1.8.0_231\jre\lib\endorsed"/>
    <property name="java.runtime.name" value="Java(TM) SE Runtime Environment"/>
    <property name="file.encoding" value="GBK"/>
    <property name="java.vm.name" value="Java HotSpot(TM) 64-Bit Server VM"/>
    <property name="localRepository" value="G:\repository"/>
    <property name="java.vendor.url.bug" value="http://bugreport.sun.com/bugreport/"/>
    <property name="java.io.tmpdir" value="C:\Users\Zzz\AppData\Local\Temp\"/>
    <property name="java.version" value="1.8.0_231"/>
    <property name="user.dir" value="G:\IdeaProjects\pms"/>
    <property name="os.arch" value="amd64"/>
    <property name="java.vm.specification.name" value="Java Virtual Machine Specification"/>
    <property name="java.awt.printerjob" value="sun.awt.windows.WPrinterJob"/>
    <property name="sun.os.patch.level" value=""/>
    <property name="idea.version2019.2" value="true"/>
    <property name="java.library.path" value="G:\Java\jdk1.8.0_231\jre\bin;C:\Windows\Sun\Java\bin;C:\Windows\system32;C:\Windows;G:\software\IntelliJ IDEA 2019.2\jbr\\bin;G:\software\IntelliJ IDEA 2019.2\jbr\\bin\server;G:\software\IntelliJ IDEA 2019.2\jbr\\bin;G:\software\IntelliJ IDEA 2019.2\jbr\\bin\server;G:\software\IntelliJ IDEA 2019.2\jbr\\bin;G:\software\IntelliJ IDEA 2019.2\jbr\\bin\server;G:\software\IntelliJ IDEA 2019.2\jbr\\bin;G:\software\IntelliJ IDEA 2019.2\jbr\\bin\server;G:\software\IntelliJ IDEA 2019.2\jbr\\bin;G:\software\IntelliJ IDEA 2019.2\jbr\\bin\server;G:\apache-maven-3.6.3\bin;G:\app\Zzz\product\11.2.0\dbhome_1\bin;G:\Java\jdk1.8.0_231\bin;G:\Java\jdk1.8.0_231\jre\bin;C:\Windows\system32;C:\Windows;C:\Windows\System32\Wbem;C:\Windows\System32\WindowsPowerShell\v1.0\;C:\Windows\System32\OpenSSH\;%CATALINA_HOME%\bin;%CATALINA_HOME%\lib;G:\software\Git\cmd;C:\Users\Zzz\.dnx\bin;C:\Program Files\Microsoft DNX\Dnvm\;F:\SOFTWARE\TortoiseGit\bin;F:\software\nodejs\;C:\Users\Zzz\AppData\Local\Microsoft\WindowsApps;C:\Program Files\Bandizip\;%IntelliJ IDEA%;G:\Microsoft VS Code\bin;C:\Users\Zzz\AppData\Roaming\npm;F:\software\MinGW\bin;G:\software\maven-3.5.0\bin;;."/>
    <property name="java.vm.info" value="mixed mode"/>
    <property name="java.vendor" value="Oracle Corporation"/>
    <property name="java.vm.version" value="25.231-b11"/>
    <property name="java.ext.dirs" value="G:\Java\jdk1.8.0_231\jre\lib\ext;C:\Windows\Sun\Java\lib\ext"/>
    <property name="sun.io.unicode.encoding" value="UnicodeLittle"/>
    <property name="java.class.version" value="52.0"/>
  </properties>
  <testcase name="contextLoads" classname="com.zzz.pms.PmsApplicationTests" time="0.346"/>
</testsuite>